<?xml version="1.0" encoding="UTF-8"?>
<!-- Generated by org.testng.reporters.JUnitReportReporter -->
<testsuite hostname="Neeta_PC" failures="0" tests="1" name="AutomationQA.AutomatiobDemo.OpenBrowser" time="4.663" errors="0" timestamp="2024-08-27T10:58:39 CDT" skipped="0">
  <testcase classname="AutomationQA.AutomatiobDemo.OpenBrowser" name="mytest" time="4.663"/>
  <system-out/>
</testsuite> <!-- AutomationQA.AutomatiobDemo.OpenBrowser -->
