<?xml version="1.0" encoding="UTF-8"?>
<!-- Generated by org.testng.reporters.JUnitReportReporter -->
<testsuite hostname="Neeta_PC" failures="0" tests="1" name="com.orange.hrm.test.LoginTest" time="0.442" errors="0" timestamp="2024-08-27T11:02:39 CDT" skipped="0">
  <testcase classname="com.orange.hrm.test.LoginTest" name="loginWithValidUserNameAndValidPassword" time="0.442"/>
  <system-out/>
</testsuite> <!-- com.orange.hrm.test.LoginTest -->
