<?xml version="1.0" encoding="UTF-8"?>
<!-- Generated by org.testng.reporters.JUnitReportReporter -->
<testsuite hostname="Neeta_PC" failures="0" tests="1" name="com.orange.hrm.test.HomePageTest" time="2.293" errors="0" timestamp="2024-08-27T11:02:39 CDT" skipped="0">
  <testcase classname="com.orange.hrm.test.HomePageTest" name="logout" time="2.293"/>
  <system-out/>
</testsuite> <!-- com.orange.hrm.test.HomePageTest -->
