<?xml version="1.0" encoding="UTF-8"?>
<!-- Generated by org.testng.reporters.JUnitReportReporter -->
<testsuite hostname="Neeta_PC" failures="0" tests="1" name="testng.demo.SampleTestCase" time="2.296" errors="0" timestamp="2024-08-26T19:15:06 CDT" skipped="0">
  <testcase classname="testng.demo.SampleTestCase" name="launchGooglePage" time="2.296"/>
  <system-out/>
</testsuite> <!-- testng.demo.SampleTestCase -->
