<?xml version="1.0" encoding="UTF-8"?>
<!-- Generated by org.testng.reporters.JUnitReportReporter -->
<testsuite hostname="Neeta_PC" failures="0" tests="1" name="com.orange.hrm.test.HomePageTest" time="1.435" errors="0" timestamp="2024-08-27T12:24:22 CDT" skipped="0">
  <testcase classname="com.orange.hrm.test.HomePageTest" name="logout" time="1.435"/>
</testsuite> <!-- com.orange.hrm.test.HomePageTest -->
